\BOOKMARK [0][-]{chapter.1}{Introdución}{}% 1
\BOOKMARK [1][-]{section.1.1}{Motivación}{chapter.1}% 2
\BOOKMARK [1][-]{section.1.2}{Obxectivos}{chapter.1}% 3
\BOOKMARK [1][-]{section.1.3}{Proposta}{chapter.1}% 4
\BOOKMARK [1][-]{section.1.4}{Traballo\040relacionado}{chapter.1}% 5
\BOOKMARK [1][-]{section.1.5}{Estrutura\040da\040memoria}{chapter.1}% 6
\BOOKMARK [0][-]{chapter.2}{Analise e planificación}{}% 7
\BOOKMARK [1][-]{section.2.1}{Metodoloxía}{chapter.2}% 8
\BOOKMARK [1][-]{section.2.2}{Análise}{chapter.2}% 9
\BOOKMARK [1][-]{section.2.3}{Planificación}{chapter.2}% 10
\BOOKMARK [2][-]{subsection.2.3.1}{Fase\0401:\040Dispositivo\040principal}{section.2.3}% 11
\BOOKMARK [2][-]{subsection.2.3.2}{Fase 2: Aplicación do dispositivo móbil}{section.2.3}% 12
\BOOKMARK [2][-]{subsection.2.3.3}{Tempos\040estimados\040e\040reais}{section.2.3}% 13
\BOOKMARK [1][-]{section.2.4}{Custos\040do\040proxecto}{chapter.2}% 14
\BOOKMARK [0][-]{chapter.3}{Fundamentos tecnolóxicos}{}% 15
\BOOKMARK [1][-]{section.3.1}{Arquitectura\040do\040sistema}{chapter.3}% 16
\BOOKMARK [1][-]{section.3.2}{Esquema\040xeral\040de\040BikeView}{chapter.3}% 17
\BOOKMARK [1][-]{section.3.3}{Esquema\040xeral\040de\040BikeCam}{chapter.3}% 18
\BOOKMARK [2][-]{subsection.3.3.1}{Placas\040de\040desenvolvemento}{section.3.3}% 19
\BOOKMARK [2][-]{subsection.3.3.2}{Luces\040led}{section.3.3}% 20
\BOOKMARK [2][-]{subsection.3.3.3}{Cámara}{section.3.3}% 21
\BOOKMARK [2][-]{subsection.3.3.4}{Alimentación e baterías}{section.3.3}% 22
\BOOKMARK [2][-]{subsection.3.3.5}{Software\040a\040utilizar}{section.3.3}% 23
\BOOKMARK [2][-]{subsection.3.3.6}{Caixa\040e\040ancoraxes\040a\040bicicleta}{section.3.3}% 24
\BOOKMARK [2][-]{subsection.3.3.7}{Esquema\040conceptual\040de\040BikeCam}{section.3.3}% 25
\BOOKMARK [2][-]{subsection.3.3.8}{Esquema\040conceptual\040de\040BikeLed}{section.3.3}% 26
\BOOKMARK [1][-]{section.3.4}{Comunicacións entre BikeCam e BikeView}{chapter.3}% 27
\BOOKMARK [2][-]{subsection.3.4.1}{Canle de comunicaións}{section.3.4}% 28
\BOOKMARK [2][-]{subsection.3.4.2}{Protocolos de comunicación}{section.3.4}% 29
\BOOKMARK [2][-]{subsection.3.4.3}{Protocolos\040de\040videostreaming}{section.3.4}% 30
\BOOKMARK [0][-]{chapter.4}{Deseño e implementación de BikeCam}{}% 31
\BOOKMARK [1][-]{section.4.1}{Leds}{chapter.4}% 32
\BOOKMARK [2][-]{subsection.4.1.1}{Conexión coa Raspberry Pi}{section.4.1}% 33
\BOOKMARK [2][-]{subsection.4.1.2}{Software\040de\040Control}{section.4.1}% 34
\BOOKMARK [1][-]{section.4.2}{Cámara}{chapter.4}% 35
\BOOKMARK [2][-]{subsection.4.2.1}{Lentes}{section.4.2}% 36
\BOOKMARK [2][-]{subsection.4.2.2}{Captura de vídeo}{section.4.2}% 37
\BOOKMARK [1][-]{section.4.3}{Transmisión de vídeo}{chapter.4}% 38
\BOOKMARK [1][-]{section.4.4}{Recepción de ordes}{chapter.4}% 39
\BOOKMARK [1][-]{section.4.5}{Conexión co servidor}{chapter.4}% 40
\BOOKMARK [1][-]{section.4.6}{Autoarranque\040do\040servidor}{chapter.4}% 41
\BOOKMARK [1][-]{section.4.7}{Alimentación e enerxía}{chapter.4}% 42
\BOOKMARK [1][-]{section.4.8}{Carcasa\040e\040ancoraxe}{chapter.4}% 43
\BOOKMARK [0][-]{chapter.5}{Deseño e implementación de BikeView}{}% 44
\BOOKMARK [1][-]{section.5.1}{Esquema xeral da aplicación}{chapter.5}% 45
\BOOKMARK [1][-]{section.5.2}{Actividade\040principal}{chapter.5}% 46
\BOOKMARK [2][-]{subsection.5.2.1}{Layout}{section.5.2}% 47
\BOOKMARK [2][-]{subsection.5.2.2}{Ciclo\040de\040vida\040da\040actividade}{section.5.2}% 48
\BOOKMARK [2][-]{subsection.5.2.3}{Botons}{section.5.2}% 49
\BOOKMARK [2][-]{subsection.5.2.4}{Sensores}{section.5.2}% 50
\BOOKMARK [2][-]{subsection.5.2.5}{Superficie de vídeo}{section.5.2}% 51
\BOOKMARK [1][-]{section.5.3}{Comuniciacíon co dispositivo}{chapter.5}% 52
\BOOKMARK [2][-]{subsection.5.3.1}{Broadcast}{section.5.3}% 53
\BOOKMARK [2][-]{subsection.5.3.2}{Conexión}{section.5.3}% 54
\BOOKMARK [2][-]{subsection.5.3.3}{Transmisión de ordes}{section.5.3}% 55
\BOOKMARK [1][-]{section.5.4}{Recepción de vídeo}{chapter.5}% 56
\BOOKMARK [1][-]{section.5.5}{Anclaxe\040a\040bicicleta}{chapter.5}% 57
\BOOKMARK [0][-]{chapter.6}{Evaluación experimental}{}% 58
\BOOKMARK [1][-]{section.6.1}{Consumo}{chapter.6}% 59
\BOOKMARK [1][-]{section.6.2}{Autonomía}{chapter.6}% 60
\BOOKMARK [1][-]{section.6.3}{Vídeo e lentes}{chapter.6}% 61
\BOOKMARK [1][-]{section.6.4}{Visibilidade}{chapter.6}% 62
\BOOKMARK [1][-]{section.6.5}{Modo noite e freo automático}{chapter.6}% 63
\BOOKMARK [1][-]{section.6.6}{Lexislación}{chapter.6}% 64
\BOOKMARK [2][-]{subsection.6.6.1}{Cámaras}{section.6.6}% 65
\BOOKMARK [0][-]{chapter.7}{Conclusións e traballo futuro}{}% 66
\BOOKMARK [1][-]{section.7.1}{Conclusións}{chapter.7}% 67
\BOOKMARK [1][-]{section.7.2}{Traballo\040futuro}{chapter.7}% 68
\BOOKMARK [0][-]{appendix.A}{Glosario de acrónimos}{}% 69
\BOOKMARK [0][-]{appendix.B}{Glosario\040de\040termos}{}% 70
\BOOKMARK [0][-]{appendix*.4}{Bibliografía}{}% 71
