This is XeTeX, Version 3.14159265-2.6-0.99999 (TeX Live 2019/dev/Debian) (preloaded format=xelatex 2019.8.16)  2 SEP 2019 07:02
entering extended mode
 restricted \write18 enabled.
 file:line:error style messages enabled.
 %&-line parsing enabled.
**acronimos.tex
(./acronimos.tex
LaTeX2e <2018-12-01>
./acronimos.tex:1: Undefined control sequence.
l.1 \chapter
            {Glosario de acrónimos}
The control sequence at the end of the top line
of your error message was never \def'ed. If you have
misspelled it (e.g., `\hobx'), type `I' and the correct
spelling (e.g., `I\hbox'). Otherwise just continue,
and I'll forget about whatever was undefined.


./acronimos.tex:1: LaTeX Error: Missing \begin{document}.

See the LaTeX manual or LaTeX Companion for explanation.
Type  H <return>  for immediate help.
 ...                                              
                                                  
l.1 \chapter{G
              losario de acrónimos}
You're in trouble here.  Try typing  <return>  to proceed.
If that doesn't work, type  X <return>  to quit.

Missing character: There is no G in font nullfont!
Missing character: There is no l in font nullfont!
Missing character: There is no o in font nullfont!
Missing character: There is no s in font nullfont!
Missing character: There is no a in font nullfont!
Missing character: There is no r in font nullfont!
Missing character: There is no i in font nullfont!
Missing character: There is no o in font nullfont!
Missing character: There is no d in font nullfont!
Missing character: There is no e in font nullfont!
Missing character: There is no a in font nullfont!
Missing character: There is no c in font nullfont!
Missing character: There is no r in font nullfont!
Missing character: There is no ó in font nullfont!
Missing character: There is no n in font nullfont!
Missing character: There is no i in font nullfont!
Missing character: There is no m in font nullfont!
Missing character: There is no o in font nullfont!
Missing character: There is no s in font nullfont!

Overfull \hbox (20.0pt too wide) in paragraph at lines 1--3
[]
 []


./acronimos.tex:9: LaTeX Error: Environment description undefined.

See the LaTeX manual or LaTeX Companion for explanation.
Type  H <return>  for immediate help.
 ...                                              
                                                  
l.9 \begin{description}
                       
Your command was ignored.
Type  I <command> <return>  to replace it with another command,
or  <return>  to continue without it.


./acronimos.tex:10: LaTeX Error: Lonely \item--perhaps a missing list environment.

See the LaTeX manual or LaTeX Companion for explanation.
Type  H <return>  for immediate help.
 ...                                              
                                                  
l.10  \item [LiPo]
                   \emph{Lithium Polymer }.
Try typing  <return>  to proceed.
If that doesn't work, type  X <return>  to quit.

Missing character: There is no . in font nullfont!

Overfull \hbox (34.39pt too wide) in paragraph at lines 10--11
\TU/lmr/m/it/10 Lithium
 []


Overfull \hbox (22.89pt too wide) in paragraph at lines 10--11
\TU/lmr/m/it/10 Poly-
 []


Overfull \hbox (17.0pt too wide) in paragraph at lines 10--11
\TU/lmr/m/it/10 mer 
 []


./acronimos.tex:11: LaTeX Error: Lonely \item--perhaps a missing list environment.

See the LaTeX manual or LaTeX Companion for explanation.
Type  H <return>  for immediate help.
 ...                                              
                                                  
l.11  \item [SRAM]
                   \emph{Static Random-access Memory}.
Try typing  <return>  to proceed.
If that doesn't work, type  X <return>  to quit.

Missing character: There is no . in font nullfont!

Overfull \hbox (25.04001pt too wide) in paragraph at lines 11--12
\TU/lmr/m/it/10 Static
 []


Overfull \hbox (39.49pt too wide) in paragraph at lines 11--12
\TU/lmr/m/it/10 Random-
 []


Overfull \hbox (26.07pt too wide) in paragraph at lines 11--12
\TU/lmr/m/it/10 access
 []


Overfull \hbox (25.33pt too wide) in paragraph at lines 11--12
\TU/lmr/m/it/10 Mem-
 []


Overfull \hbox (14.19pt too wide) in paragraph at lines 11--12
\TU/lmr/m/it/10 ory 
 []


./acronimos.tex:12: LaTeX Error: Lonely \item--perhaps a missing list environment.

See the LaTeX manual or LaTeX Companion for explanation.
Type  H <return>  for immediate help.
 ...                                              
                                                  
l.12  \item [PWM]
                  \emph{Pulse Width Modulation}.
Try typing  <return>  to proceed.
If that doesn't work, type  X <return>  to quit.

Missing character: There is no . in font nullfont!

Overfull \hbox (23.4pt too wide) in paragraph at lines 12--13
\TU/lmr/m/it/10 Pulse
 []


Overfull \hbox (26.6pt too wide) in paragraph at lines 12--13
\TU/lmr/m/it/10 Width
 []


Overfull \hbox (22.26pt too wide) in paragraph at lines 12--13
\TU/lmr/m/it/10 Mod-
 []


Overfull \hbox (8.95pt too wide) in paragraph at lines 12--13
\TU/lmr/m/it/10 u-
 []


Overfull \hbox (11.25pt too wide) in paragraph at lines 12--13
\TU/lmr/m/it/10 la-
 []


Overfull \hbox (17.12pt too wide) in paragraph at lines 12--13
\TU/lmr/m/it/10 tion 
 []


./acronimos.tex:13: LaTeX Error: Lonely \item--perhaps a missing list environment.

See the LaTeX manual or LaTeX Companion for explanation.
Type  H <return>  for immediate help.
 ...                                              
                                                  
l.13  \item [SPI]
                  \emph{Serial Peripheral Interface}.
Try typing  <return>  to proceed.
If that doesn't work, type  X <return>  to quit.

Missing character: There is no . in font nullfont!

Overfull \hbox (25.18001pt too wide) in paragraph at lines 13--14
\TU/lmr/m/it/10 Serial
 []


Overfull \hbox (14.96pt too wide) in paragraph at lines 13--14
\TU/lmr/m/it/10 Pe-
 []


Overfull \hbox (21.09pt too wide) in paragraph at lines 13--14
\TU/lmr/m/it/10 riph-
 []


Overfull \hbox (15.98pt too wide) in paragraph at lines 13--14
\TU/lmr/m/it/10 eral
 []


Overfull \hbox (13.06pt too wide) in paragraph at lines 13--14
\TU/lmr/m/it/10 In-
 []


Overfull \hbox (15.72pt too wide) in paragraph at lines 13--14
\TU/lmr/m/it/10 ter-
 []


Overfull \hbox (16.87pt too wide) in paragraph at lines 13--14
\TU/lmr/m/it/10 face 
 []


./acronimos.tex:14: LaTeX Error: Lonely \item--perhaps a missing list environment.

See the LaTeX manual or LaTeX Companion for explanation.
Type  H <return>  for immediate help.
 ...                                              
                                                  
l.14  \item [UART]
                   \emph{Universal Asynchronous Receiver/Transmitter}.
Try typing  <return>  to proceed.
If that doesn't work, type  X <return>  to quit.

Missing character: There is no . in font nullfont!

Overfull \hbox (41.3pt too wide) in paragraph at lines 14--15
\TU/lmr/m/it/10 Universal
 []


Overfull \hbox (25.07pt too wide) in paragraph at lines 14--15
\TU/lmr/m/it/10 Asyn-
 []


Overfull \hbox (38.72pt too wide) in paragraph at lines 14--15
\TU/lmr/m/it/10 chronous
 []


Overfull \hbox (14.96pt too wide) in paragraph at lines 14--15
\TU/lmr/m/it/10 Re-
 []


Overfull \hbox (81.92pt too wide) in paragraph at lines 14--15
\TU/lmr/m/it/10 ceiver/Transmitter 
 []


./acronimos.tex:15: LaTeX Error: Lonely \item--perhaps a missing list environment.

See the LaTeX manual or LaTeX Companion for explanation.
Type  H <return>  for immediate help.
 ...                                              
                                                  
l.15  \item [I2C]
                  \emph{Inter-Integrated Circuit}.
Try typing  <return>  to proceed.
If that doesn't work, type  X <return>  to quit.

Missing character: There is no . in font nullfont!

Overfull \hbox (25.2pt too wide) in paragraph at lines 15--16
\TU/lmr/m/it/10 Inter-
 []


Overfull \hbox (42.83pt too wide) in paragraph at lines 15--16
\TU/lmr/m/it/10 Integrated
 []


Overfull \hbox (18.03pt too wide) in paragraph at lines 15--16
\TU/lmr/m/it/10 Cir-
 []


Overfull \hbox (16.36pt too wide) in paragraph at lines 15--16
\TU/lmr/m/it/10 cuit 
 []


./acronimos.tex:16: LaTeX Error: Lonely \item--perhaps a missing list environment.

See the LaTeX manual or LaTeX Companion for explanation.
Type  H <return>  for immediate help.
 ...                                              
                                                  
l.16  \item [FPGA]
                   \emph{Field Programmable Gate Arrays}.
Try typing  <return>  to proceed.
If that doesn't work, type  X <return>  to quit.

Missing character: There is no . in font nullfont!

Overfull \hbox (21.87pt too wide) in paragraph at lines 16--17
\TU/lmr/m/it/10 Field
 []


Overfull \hbox (19.18001pt too wide) in paragraph at lines 16--17
\TU/lmr/m/it/10 Pro-
 []


Overfull \hbox (46.65001pt too wide) in paragraph at lines 16--17
\TU/lmr/m/it/10 grammable
 []


Overfull \hbox (20.77pt too wide) in paragraph at lines 16--17
\TU/lmr/m/it/10 Gate
 []


Overfull \hbox (14.72pt too wide) in paragraph at lines 16--17
\TU/lmr/m/it/10 Ar-
 []


Overfull \hbox (17.77pt too wide) in paragraph at lines 16--17
\TU/lmr/m/it/10 rays 
 []


./acronimos.tex:17: LaTeX Error: Lonely \item--perhaps a missing list environment.

See the LaTeX manual or LaTeX Companion for explanation.
Type  H <return>  for immediate help.
 ...                                              
                                                  
l.17  \item [IoT]
                  \emph{Internet of Things}.
Try typing  <return>  to proceed.
If that doesn't work, type  X <return>  to quit.

Missing character: There is no . in font nullfont!

Overfull \hbox (35.16pt too wide) in paragraph at lines 17--18
\TU/lmr/m/it/10 Internet
 []


Overfull \hbox (8.18001pt too wide) in paragraph at lines 17--18
\TU/lmr/m/it/10 of
 []


Overfull \hbox (29.65pt too wide) in paragraph at lines 17--18
\TU/lmr/m/it/10 Things 
 []


./acronimos.tex:18: LaTeX Error: Lonely \item--perhaps a missing list environment.

See the LaTeX manual or LaTeX Companion for explanation.
Type  H <return>  for immediate help.
 ...                                              
                                                  
l.18  \item [RISC]
                   \emph{Reduced Instruction Set Computer}.
Try typing  <return>  to proceed.
If that doesn't work, type  X <return>  to quit.

Missing character: There is no . in font nullfont!

Overfull \hbox (34.64pt too wide) in paragraph at lines 18--19
\TU/lmr/m/it/10 Reduced
 []


Overfull \hbox (13.06pt too wide) in paragraph at lines 18--19
\TU/lmr/m/it/10 In-
 []


Overfull \hbox (25.18001pt too wide) in paragraph at lines 18--19
\TU/lmr/m/it/10 struc-
 []


Overfull \hbox (17.12pt too wide) in paragraph at lines 18--19
\TU/lmr/m/it/10 tion
 []


Overfull \hbox (13.54pt too wide) in paragraph at lines 18--19
\TU/lmr/m/it/10 Set
 []


Overfull \hbox (24.03pt too wide) in paragraph at lines 18--19
\TU/lmr/m/it/10 Com-
 []


Overfull \hbox (22.62pt too wide) in paragraph at lines 18--19
\TU/lmr/m/it/10 puter 
 []


./acronimos.tex:19: LaTeX Error: Lonely \item--perhaps a missing list environment.

See the LaTeX manual or LaTeX Companion for explanation.
Type  H <return>  for immediate help.
 ...                                              
                                                  
l.19  \item [RGB]
                  \emph{Red Green Blue}.
Try typing  <return>  to proceed.
If that doesn't work, type  X <return>  to quit.

Missing character: There is no . in font nullfont!

Overfull \hbox (15.98pt too wide) in paragraph at lines 19--20
\TU/lmr/m/it/10 Red
 []


Overfull \hbox (25.76pt too wide) in paragraph at lines 19--20
\TU/lmr/m/it/10 Green
 []


Overfull \hbox (19.57pt too wide) in paragraph at lines 19--20
\TU/lmr/m/it/10 Blue 
 []


./acronimos.tex:20: LaTeX Error: Lonely \item--perhaps a missing list environment.

See the LaTeX manual or LaTeX Companion for explanation.
Type  H <return>  for immediate help.
 ...                                              
                                                  
l.20  \item [CSI]
                  \emph{Camera Serial Interface}.
Try typing  <return>  to proceed.
If that doesn't work, type  X <return>  to quit.

Missing character: There is no . in font nullfont!

Overfull \hbox (33.87pt too wide) in paragraph at lines 20--21
\TU/lmr/m/it/10 Camera
 []


Overfull \hbox (13.8pt too wide) in paragraph at lines 20--21
\TU/lmr/m/it/10 Se-
 []


Overfull \hbox (14.96pt too wide) in paragraph at lines 20--21
\TU/lmr/m/it/10 rial
 []


Overfull \hbox (13.06pt too wide) in paragraph at lines 20--21
\TU/lmr/m/it/10 In-
 []


Overfull \hbox (15.72pt too wide) in paragraph at lines 20--21
\TU/lmr/m/it/10 ter-
 []


Overfull \hbox (16.87pt too wide) in paragraph at lines 20--21
\TU/lmr/m/it/10 face 
 []


./acronimos.tex:21: LaTeX Error: Lonely \item--perhaps a missing list environment.

See the LaTeX manual or LaTeX Companion for explanation.
Type  H <return>  for immediate help.
 ...                                              
                                                  
l.21  \item [PLA]
                  \emph{Polylactic Acid}.
Try typing  <return>  to proceed.
If that doesn't work, type  X <return>  to quit.

Missing character: There is no . in font nullfont!

Overfull \hbox (42.57pt too wide) in paragraph at lines 21--22
\TU/lmr/m/it/10 Polylactic
 []


Overfull \hbox (19.7pt too wide) in paragraph at lines 21--22
\TU/lmr/m/it/10 Acid 
 []


./acronimos.tex:22: LaTeX Error: Lonely \item--perhaps a missing list environment.

See the LaTeX manual or LaTeX Companion for explanation.
Type  H <return>  for immediate help.
 ...                                              
                                                  
l.22  \item [ABS]
                  \emph{Acrylonitrile Butadiene Styrene}.
Try typing  <return>  to proceed.
If that doesn't work, type  X <return>  to quit.

Missing character: There is no . in font nullfont!

Overfull \hbox (54.73pt too wide) in paragraph at lines 22--23
\TU/lmr/m/it/10 Acrylonitrile
 []


Overfull \hbox (15.99pt too wide) in paragraph at lines 22--23
\TU/lmr/m/it/10 Bu-
 []


Overfull \hbox (12.01pt too wide) in paragraph at lines 22--23
\TU/lmr/m/it/10 ta-
 []


Overfull \hbox (11.76pt too wide) in paragraph at lines 22--23
\TU/lmr/m/it/10 di-
 []


Overfull \hbox (14.82pt too wide) in paragraph at lines 22--23
\TU/lmr/m/it/10 ene
 []


Overfull \hbox (32.33pt too wide) in paragraph at lines 22--23
\TU/lmr/m/it/10 Styrene 
 []


./acronimos.tex:23: LaTeX Error: Lonely \item--perhaps a missing list environment.

See the LaTeX manual or LaTeX Companion for explanation.
Type  H <return>  for immediate help.
 ...                                              
                                                  
l.23  \item [FPS]
                  \emph{Frames Per Second}.
Try typing  <return>  to proceed.
If that doesn't work, type  X <return>  to quit.

Missing character: There is no . in font nullfont!

Overfull \hbox (31.45pt too wide) in paragraph at lines 23--24
\TU/lmr/m/it/10 Frames
 []


Overfull \hbox (15.6pt too wide) in paragraph at lines 23--24
\TU/lmr/m/it/10 Per
 []


Overfull \hbox (17.89pt too wide) in paragraph at lines 23--24
\TU/lmr/m/it/10 Sec-
 []


Overfull \hbox (15.84pt too wide) in paragraph at lines 23--24
\TU/lmr/m/it/10 ond 
 []


./acronimos.tex:24: LaTeX Error: Lonely \item--perhaps a missing list environment.

See the LaTeX manual or LaTeX Companion for explanation.
Type  H <return>  for immediate help.
 ...                                              
                                                  
l.24  \item [UDP]
                  \emph{User Datagram Protocol}.
Try typing  <return>  to proceed.
If that doesn't work, type  X <return>  to quit.

Missing character: There is no . in font nullfont!

Overfull \hbox (19.83pt too wide) in paragraph at lines 24--25
\TU/lmr/m/it/10 User
 []


Overfull \hbox (24.67pt too wide) in paragraph at lines 24--25
\TU/lmr/m/it/10 Data-
 []


Overfull \hbox (21.6pt too wide) in paragraph at lines 24--25
\TU/lmr/m/it/10 gram
 []


Overfull \hbox (19.18001pt too wide) in paragraph at lines 24--25
\TU/lmr/m/it/10 Pro-
 []


Overfull \hbox (12.01pt too wide) in paragraph at lines 24--25
\TU/lmr/m/it/10 to-
 []


Overfull \hbox (11.76pt too wide) in paragraph at lines 24--25
\TU/lmr/m/it/10 col 
 []


./acronimos.tex:25: LaTeX Error: Lonely \item--perhaps a missing list environment.

See the LaTeX manual or LaTeX Companion for explanation.
Type  H <return>  for immediate help.
 ...                                              
                                                  
l.25  \item [TCP]
                  \emph{Transmission Control Protocol}.
Try typing  <return>  to proceed.
If that doesn't work, type  X <return>  to quit.

Missing character: There is no . in font nullfont!

Overfull \hbox (58.15001pt too wide) in paragraph at lines 25--26
\TU/lmr/m/it/10 Transmission
 []


Overfull \hbox (21.47pt too wide) in paragraph at lines 25--26
\TU/lmr/m/it/10 Con-
 []


Overfull \hbox (14.7pt too wide) in paragraph at lines 25--26
\TU/lmr/m/it/10 trol
 []


Overfull \hbox (19.18001pt too wide) in paragraph at lines 25--26
\TU/lmr/m/it/10 Pro-
 []


Overfull \hbox (12.01pt too wide) in paragraph at lines 25--26
\TU/lmr/m/it/10 to-
 []


Overfull \hbox (11.76pt too wide) in paragraph at lines 25--26
\TU/lmr/m/it/10 col 
 []


./acronimos.tex:26: LaTeX Error: Lonely \item--perhaps a missing list environment.

See the LaTeX manual or LaTeX Companion for explanation.
Type  H <return>  for immediate help.
 ...                                              
                                                  
l.26  \item [IP]
                 \emph{Internet Protocol}.
Try typing  <return>  to proceed.
If that doesn't work, type  X <return>  to quit.

Missing character: There is no . in font nullfont!

Overfull \hbox (35.16pt too wide) in paragraph at lines 26--27
\TU/lmr/m/it/10 Internet
 []


Overfull \hbox (19.18001pt too wide) in paragraph at lines 26--27
\TU/lmr/m/it/10 Pro-
 []


Overfull \hbox (12.01pt too wide) in paragraph at lines 26--27
\TU/lmr/m/it/10 to-
 []


Overfull \hbox (11.76pt too wide) in paragraph at lines 26--27
\TU/lmr/m/it/10 col 
 []


./acronimos.tex:27: LaTeX Error: Lonely \item--perhaps a missing list environment.

See the LaTeX manual or LaTeX Companion for explanation.
Type  H <return>  for immediate help.
 ...                                              
                                                  
l.27  \item [HTTP]
                   \emph{ HyperText Transfer Protocol}.
Try typing  <return>  to proceed.
If that doesn't work, type  X <return>  to quit.

Missing character: There is no . in font nullfont!

Overfull \hbox (15.87pt too wide) in paragraph at lines 27--28
\TU/lmr/m/it/10 Hy-
 []


Overfull \hbox (17.0pt too wide) in paragraph at lines 27--28
\TU/lmr/m/it/10 per-
 []


Overfull \hbox (18.95pt too wide) in paragraph at lines 27--28
\TU/lmr/m/it/10 Text
 []


Overfull \hbox (28.5pt too wide) in paragraph at lines 27--28
\TU/lmr/m/it/10 Trans-
 []


Overfull \hbox (11.89pt too wide) in paragraph at lines 27--28
\TU/lmr/m/it/10 fer
 []


Overfull \hbox (19.18001pt too wide) in paragraph at lines 27--28
\TU/lmr/m/it/10 Pro-
 []


Overfull \hbox (12.01pt too wide) in paragraph at lines 27--28
\TU/lmr/m/it/10 to-
 []


Overfull \hbox (11.76pt too wide) in paragraph at lines 27--28
\TU/lmr/m/it/10 col 
 []


./acronimos.tex:28: LaTeX Error: Lonely \item--perhaps a missing list environment.

See the LaTeX manual or LaTeX Companion for explanation.
Type  H <return>  for immediate help.
 ...                                              
                                                  
l.28  \item [GPIO]
                   \emph{General-prupouse Input/Output}.
Try typing  <return>  to proceed.
If that doesn't work, type  X <return>  to quit.

Missing character: There is no . in font nullfont!

Overfull \hbox (37.52pt too wide) in paragraph at lines 28--29
\TU/lmr/m/it/10 General-
 []


Overfull \hbox (38.47pt too wide) in paragraph at lines 28--29
\TU/lmr/m/it/10 prupouse
 []


Overfull \hbox (13.06pt too wide) in paragraph at lines 28--29
\TU/lmr/m/it/10 In-
 []


Overfull \hbox (49.07pt too wide) in paragraph at lines 28--29
\TU/lmr/m/it/10 put/Output 
 []


./acronimos.tex:29: LaTeX Error: Lonely \item--perhaps a missing list environment.

See the LaTeX manual or LaTeX Companion for explanation.
Type  H <return>  for immediate help.
 ...                                              
                                                  
l.29  \item [NAL]
                  \emph{Network Abstraction Layer}.
Try typing  <return>  to proceed.
If that doesn't work, type  X <return>  to quit.

Missing character: There is no . in font nullfont!

Overfull \hbox (35.92pt too wide) in paragraph at lines 29--30
\TU/lmr/m/it/10 Network
 []


Overfull \hbox (15.1pt too wide) in paragraph at lines 29--30
\TU/lmr/m/it/10 Ab-
 []


Overfull \hbox (24.41pt too wide) in paragraph at lines 29--30
\TU/lmr/m/it/10 strac-
 []


Overfull \hbox (17.12pt too wide) in paragraph at lines 29--30
\TU/lmr/m/it/10 tion
 []


Overfull \hbox (24.55pt too wide) in paragraph at lines 29--30
\TU/lmr/m/it/10 Layer 
 []


./acronimos.tex:31: LaTeX Error: \begin{document} ended by \end{description}.

See the LaTeX manual or LaTeX Companion for explanation.
Type  H <return>  for immediate help.
 ...                                              
                                                  
l.31 \end{description}
                      
Your command was ignored.
Type  I <command> <return>  to replace it with another command,
or  <return>  to continue without it.

)
! Emergency stop.
<*> acronimos.tex
                 
*** (job aborted, no legal \end found)

 
Here is how much of TeX's memory you used:
 9 strings out of 494900
 154 string characters out of 6177140
 59940 words of memory out of 5000000
 4026 multiletter control sequences out of 15000+600000
 3648 words of font info for 15 fonts, out of 8000000 for 9000
 14 hyphenation exceptions out of 8191
 14i,1n,8p,96b,85s stack positions out of 5000i,500n,10000p,200000b,80000s
No pages of output.
